==202544== Memcheck, a memory error detector
==202544== Copyright (C) 2002-2024, and GNU GPL'd, by Julian Seward et al.
==202544== Using Valgrind-3.25.1 and LibVEX; rerun with -h for copyright info
==202544== Command: ./webserv.out -D EngineX/subject-tester.conf
==202544== 
==202544== 
==202544== Process terminating with default action of signal 1 (SIGHUP)
==202544==    at 0x4CBBEF7: epoll_wait (in /usr/lib64/libc.so.6)
==202544==    by 0x45610E: Multiplexer::MainLoop() (Multiplexer.cpp:120)
==202544==    by 0x4218F6: LaunchServer(std::__cxx11::basic_string<char, std::char_traits<char>, std::allocator<char> >&) (main.cpp:156)
==202544==    by 0x421CFF: main (main.cpp:183)
==202544== 
==202544== HEAP SUMMARY:
==202544==     in use at exit: 14,855,442 bytes in 1,079 blocks
==202544==   total heap usage: 76,577 allocs, 75,498 frees, 31,003,713 bytes allocated
==202544== 
==202544== LEAK SUMMARY:
==202544==    definitely lost: 0 bytes in 0 blocks
==202544==    indirectly lost: 0 bytes in 0 blocks
==202544==      possibly lost: 0 bytes in 0 blocks
==202544==    still reachable: 14,855,442 bytes in 1,079 blocks
==202544==         suppressed: 0 bytes in 0 blocks
==202544== Rerun with --leak-check=full to see details of leaked memory
==202544== 
==202544== For lists of detected and suppressed errors, rerun with: -s
==202544== ERROR SUMMARY: 0 errors from 0 contexts (suppressed: 0 from 0)
